<?xml version="1.0" encoding="UTF-8"?>
<!-- Generated by org.testng.reporters.JUnitXMLReporter -->
<testsuite ignored="9" hostname="LAPTOP-4C1CTOAL" failures="1" tests="1" name="chrome" time="22.805" errors="0" timestamp="2024-11-17T17:15:38 IST">
  <testcase classname="test_Cases.TestLeaveList" name="verifyFilteringLeavesWithEmployeName" time="9.866">
    <failure type="java.lang.AssertionError" message="No records found with the selected filter criteria.">
      <![CDATA[java.lang.AssertionError: No records found with the selected filter criteria.
at test_Cases.TestLeaveList.verifyFilteringLeavesWithEmployeName(TestLeaveList.java:250)
at java.base/java.util.ArrayList.forEach(ArrayList.java:1597)
... Removed 26 stack frames]]>
    </failure>
  </testcase> <!-- verifyFilteringLeavesWithEmployeName -->
  <testcase classname="test_Cases.TestLeaveList" name="verifyFilteringLeavesWithPendingStatusAndWithRecords" time="0.0">
    <ignored/>
  </testcase> <!-- verifyFilteringLeavesWithPendingStatusAndWithRecords -->
  <testcase classname="test_Cases.TestLeaveList" name="verifyLeaveListPageShowsRecords" time="0.0">
    <ignored/>
  </testcase> <!-- verifyLeaveListPageShowsRecords -->
  <testcase classname="test_Cases.TestLeaveList" name="verifyFilteringLeavesWithLeaveType" time="0.0">
    <ignored/>
  </testcase> <!-- verifyFilteringLeavesWithLeaveType -->
  <testcase classname="test_Cases.TestLeaveList" name="verifyFilteringLeavesWithCancelledStatusAndWithRecords" time="0.0">
    <ignored/>
  </testcase> <!-- verifyFilteringLeavesWithCancelledStatusAndWithRecords -->
  <testcase classname="test_Cases.TestLeaveList" name="verifyFilteringLeaveWithNoRecords" time="0.0">
    <ignored/>
  </testcase> <!-- verifyFilteringLeaveWithNoRecords -->
  <testcase classname="test_Cases.TestLeaveList" name="verifyFilteringLeavesWithPendingStatusAndNoRecords" time="0.0">
    <ignored/>
  </testcase> <!-- verifyFilteringLeavesWithPendingStatusAndNoRecords -->
  <testcase classname="test_Cases.TestLeaveList" name="verifyFilteringLeaveWithRecords" time="0.0">
    <ignored/>
  </testcase> <!-- verifyFilteringLeaveWithRecords -->
  <testcase classname="test_Cases.TestLeaveList" name="verifyResetDateFilter" time="0.0">
    <ignored/>
  </testcase> <!-- verifyResetDateFilter -->
  <testcase classname="test_Cases.TestLeaveList" name="verifyLeaveListPageShowsNoRecords" time="0.0">
    <ignored/>
  </testcase> <!-- verifyLeaveListPageShowsNoRecords -->
</testsuite> <!-- chrome -->
