<?xml version="1.0" encoding="UTF-8"?>
<!-- Generated by org.testng.reporters.JUnitXMLReporter -->
<testsuite ignored="10" hostname="LAPTOP-4C1CTOAL" failures="1" tests="2" name="firefox" time="48.167" errors="0" timestamp="2024-11-24T14:05:18 IST">
  <testcase classname="test_Cases.TestLeaveList" name="verifyAddComment" time="6.343"/>
  <testcase classname="test_Cases.TestLeaveList" name="verifyleaveRequestDetails" time="5.003">
    <failure type="org.openqa.selenium.NoSuchElementException" message="Unable to locate element: //ul[@class=&amp;apos;oxd-dropdown-menu&amp;apos;]/li[2]/p
For documentation on this error, please visit: https://www.selenium.dev/documentation/webdriver/troubleshooting/errors#no-such-element-exception
Build info: version: &amp;apos;4.25.0&amp;apos;, revision: &amp;apos;8a8aea2337&amp;apos;
System info: os.name: &amp;apos;Windows 11&amp;apos;, os.arch: &amp;apos;amd64&amp;apos;, os.version: &amp;apos;10.0&amp;apos;, java.version: &amp;apos;23&amp;apos;
Driver info: org.openqa.selenium.firefox.FirefoxDriver
Command: [1aad27cc-8364-46ee-aef2-ab3e9861ba76, findElement {using=xpath, value=//ul[@class=&amp;apos;oxd-dropdown-menu&amp;apos;]/li[2]/p}]
Capabilities {acceptInsecureCerts: true, browserName: firefox, browserVersion: 132.0.2, moz:accessibilityChecks: false, moz:buildID: 20241110231641, moz:debuggerAddress: 127.0.0.1:48972, moz:geckodriverVersion: 0.35.0, moz:headless: false, moz:platformVersion: 10.0, moz:processID: 21904, moz:profile: C:\Users\RAMITA~1\AppData\L..., moz:shutdownTimeout: 60000, moz:webdriverClick: true, moz:windowless: false, pageLoadStrategy: normal, platformName: windows, proxy: Proxy(), se:cdp: ws://127.0.0.1:48972/devtoo..., se:cdpVersion: 85.0, setWindowRect: true, strictFileInteractability: false, timeouts: {implicit: 0, pageLoad: 300000, script: 30000}, unhandledPromptBehavior: dismiss and notify, userAgent: Mozilla/5.0 (Windows NT 10....}
Session ID: 1aad27cc-8364-46ee-aef2-ab3e9861ba76">
      <![CDATA[org.openqa.selenium.NoSuchElementException: Unable to locate element: //ul[@class='oxd-dropdown-menu']/li[2]/p
For documentation on this error, please visit: https://www.selenium.dev/documentation/webdriver/troubleshooting/errors#no-such-element-exception
Build info: version: '4.25.0', revision: '8a8aea2337'
System info: os.name: 'Windows 11', os.arch: 'amd64', os.version: '10.0', java.version: '23'
Driver info: org.openqa.selenium.firefox.FirefoxDriver
Command: [1aad27cc-8364-46ee-aef2-ab3e9861ba76, findElement {using=xpath, value=//ul[@class='oxd-dropdown-menu']/li[2]/p}]
Capabilities {acceptInsecureCerts: true, browserName: firefox, browserVersion: 132.0.2, moz:accessibilityChecks: false, moz:buildID: 20241110231641, moz:debuggerAddress: 127.0.0.1:48972, moz:geckodriverVersion: 0.35.0, moz:headless: false, moz:platformVersion: 10.0, moz:processID: 21904, moz:profile: C:\Users\RAMITA~1\AppData\L..., moz:shutdownTimeout: 60000, moz:webdriverClick: true, moz:windowless: false, pageLoadStrategy: normal, platformName: windows, proxy: Proxy(), se:cdp: ws://127.0.0.1:48972/devtoo..., se:cdpVersion: 85.0, setWindowRect: true, strictFileInteractability: false, timeouts: {implicit: 0, pageLoad: 300000, script: 30000}, unhandledPromptBehavior: dismiss and notify, userAgent: Mozilla/5.0 (Windows NT 10....}
Session ID: 1aad27cc-8364-46ee-aef2-ab3e9861ba76
at org.openqa.selenium.remote.ErrorCodec.decode(ErrorCodec.java:167)
at org.openqa.selenium.remote.codec.w3c.W3CHttpResponseCodec.decode(W3CHttpResponseCodec.java:138)
at org.openqa.selenium.remote.codec.w3c.W3CHttpResponseCodec.decode(W3CHttpResponseCodec.java:50)
at org.openqa.selenium.remote.HttpCommandExecutor.execute(HttpCommandExecutor.java:190)
at org.openqa.selenium.remote.service.DriverCommandExecutor.invokeExecute(DriverCommandExecutor.java:216)
at org.openqa.selenium.remote.service.DriverCommandExecutor.execute(DriverCommandExecutor.java:174)
at org.openqa.selenium.remote.RemoteWebDriver.execute(RemoteWebDriver.java:545)
at org.openqa.selenium.remote.ElementLocation$ElementFinder$2.findElement(ElementLocation.java:165)
at org.openqa.selenium.remote.ElementLocation.findElement(ElementLocation.java:59)
at org.openqa.selenium.remote.RemoteWebDriver.findElement(RemoteWebDriver.java:368)
at org.openqa.selenium.remote.RemoteWebDriver.findElement(RemoteWebDriver.java:362)
at org.openqa.selenium.support.pagefactory.DefaultElementLocator.findElement(DefaultElementLocator.java:68)
at org.openqa.selenium.support.pagefactory.internal.LocatingElementHandler.invoke(LocatingElementHandler.java:38)
at jdk.proxy2/jdk.proxy2.$Proxy12.click(Unknown Source)
at pageObjects.Leave.LeaveListPage.clickViewDetailsOption(LeaveListPage.java:367)
at test_Cases.TestLeaveList.verifyleaveRequestDetails(TestLeaveList.java:311)
at java.base/java.util.ArrayList.forEach(ArrayList.java:1597)
... Removed 28 stack frames]]>
    </failure>
  </testcase> <!-- verifyleaveRequestDetails -->
  <testcase classname="test_Cases.TestLeaveList" name="verifyFilteringLeavesWithPendingStatusAndNoRecords" time="0.0">
    <ignored/>
  </testcase> <!-- verifyFilteringLeavesWithPendingStatusAndNoRecords -->
  <testcase classname="test_Cases.TestLeaveList" name="verifyFilteringLeaveWithRecords" time="0.0">
    <ignored/>
  </testcase> <!-- verifyFilteringLeaveWithRecords -->
  <testcase classname="test_Cases.TestLeaveList" name="verifyFilteringLeaveWithNoRecords" time="0.0">
    <ignored/>
  </testcase> <!-- verifyFilteringLeaveWithNoRecords -->
  <testcase classname="test_Cases.TestLeaveList" name="verifyLeaveListPageShowsRecords" time="0.0">
    <ignored/>
  </testcase> <!-- verifyLeaveListPageShowsRecords -->
  <testcase classname="test_Cases.TestLeaveList" name="verifyFilteringLeavesWithCancelledStatusAndWithRecords" time="0.0">
    <ignored/>
  </testcase> <!-- verifyFilteringLeavesWithCancelledStatusAndWithRecords -->
  <testcase classname="test_Cases.TestLeaveList" name="verifyFilteringLeavesWithEmployeName" time="0.0">
    <ignored/>
  </testcase> <!-- verifyFilteringLeavesWithEmployeName -->
  <testcase classname="test_Cases.TestLeaveList" name="verifyFilteringLeavesWithLeaveType" time="0.0">
    <ignored/>
  </testcase> <!-- verifyFilteringLeavesWithLeaveType -->
  <testcase classname="test_Cases.TestLeaveList" name="verifyFilteringLeavesWithPendingStatusAndWithRecords" time="0.0">
    <ignored/>
  </testcase> <!-- verifyFilteringLeavesWithPendingStatusAndWithRecords -->
  <testcase classname="test_Cases.TestLeaveList" name="verifyLeaveListPageShowsNoRecords" time="0.0">
    <ignored/>
  </testcase> <!-- verifyLeaveListPageShowsNoRecords -->
  <testcase classname="test_Cases.TestLeaveList" name="verifyResetDateFilter" time="0.0">
    <ignored/>
  </testcase> <!-- verifyResetDateFilter -->
</testsuite> <!-- firefox -->
