<?xml version="1.0" encoding="UTF-8"?>
<!-- Generated by org.testng.reporters.JUnitXMLReporter -->
<testsuite ignored="0" hostname="LAPTOP-4C1CTOAL" failures="0" tests="3" name="smokeTest on chrome" time="52.228" errors="0" timestamp="2025-01-05T15:26:52 IST">
  <testcase classname="test_Cases.TestRequirementsPage" name="validateAddNewCandiadte" time="5.003"/>
  <testcase classname="test_Cases.TestRequirementsPage" name="validateAddNewCandiadte" time="5.827"/>
  <testcase classname="test_Cases.TestRequirementsPage" name="validateAddNewCandiadte" time="6.967"/>
</testsuite> <!-- smokeTest on chrome -->
