<?xml version="1.0" encoding="UTF-8"?>
<!-- Generated by org.testng.reporters.JUnitXMLReporter -->
<testsuite ignored="0" hostname="LAPTOP-4C1CTOAL" failures="0" tests="3" name="smokeTest on chrome" time="58.896" errors="0" timestamp="2025-01-12T21:56:25 IST">
  <testcase classname="test_Cases.TestRequirementsPage" name="validateAddNewCandiadte" time="10.66"/>
  <testcase classname="test_Cases.TestRequirementsPage" name="validateAddNewCandiadte" time="10.42"/>
  <testcase classname="test_Cases.TestRequirementsPage" name="validateAddNewCandiadte" time="10.048"/>
</testsuite> <!-- smokeTest on chrome -->
