<?xml version="1.0" encoding="UTF-8"?>
<!-- Generated by org.testng.reporters.JUnitXMLReporter -->
<testsuite ignored="0" hostname="Divyanshus-MacBook-Air.local" failures="1" tests="2" name="Parallel Test" time="63.719" errors="0" timestamp="2024-12-27T13:23:20 IST">
  <testcase classname="test_Cases.TC_Login_001" name="Run_TC_Login_001" time="0.009">
    <failure type="java.lang.NullPointerException" message="Cannot invoke &amp;quot;org.openqa.selenium.WebDriver.getTitle()&amp;quot; because &amp;quot;this.driver&amp;quot; is null">
      <![CDATA[java.lang.NullPointerException: Cannot invoke "org.openqa.selenium.WebDriver.getTitle()" because "this.driver" is null
at base_Class.Configuration.getTitleLogin(Configuration.java:21)
at test_Cases.TC_Login_001.Run_TC_Login_001(TC_Login_001.java:32)
at java.base/java.util.concurrent.ThreadPoolExecutor.runWorker(ThreadPoolExecutor.java:1144)
at java.base/java.util.concurrent.ThreadPoolExecutor$Worker.run(ThreadPoolExecutor.java:642)
at java.base/java.lang.Thread.run(Thread.java:1570)
... Removed 10 stack frames]]>
    </failure>
  </testcase> <!-- Run_TC_Login_001 -->
  <testcase classname="test_Cases.TC_Leave_List" name="f" time="45.106"/>
</testsuite> <!-- Parallel Test -->
