<?xml version="1.0" encoding="UTF-8"?>
<testng-results ignored="0" total="3" passed="3" failed="0" skipped="0">
  <reporter-output>
  </reporter-output>
  <suite started-at="2025-01-12T21:55:26 IST" name="CrossFunctionalTesting" finished-at="2025-01-12T21:56:25 IST" duration-ms="58896">
    <groups>
    </groups>
    <test started-at="2025-01-12T21:55:26 IST" name="smokeTest on chrome" finished-at="2025-01-12T21:56:25 IST" duration-ms="58896">
      <class name="test_Cases.TestRequirementsPage">
        <test-method is-config="true" signature="setup(java.lang.String)[pri:0, instance:test_Cases.TestRequirementsPage@4218d6a3]" started-at="2025-01-12T21:55:27 IST" name="setup" finished-at="2025-01-12T21:55:35 IST" duration-ms="8744" status="PASS">
          <params>
            <param index="0">
              <value>
                <![CDATA[chrome]]>
              </value>
            </param>
          </params>
          <reporter-output>
          </reporter-output>
        </test-method> <!-- setup -->
        <test-method signature="validateAddNewCandiadte(java.lang.String,java.lang.String,java.lang.String,java.lang.String)[pri:1, instance:test_Cases.TestRequirementsPage@4218d6a3]" started-at="2025-01-12T21:55:35 IST" name="validateAddNewCandiadte" description="verify that new candidate is getting added" data-provider="getHRMTestData" finished-at="2025-01-12T21:55:46 IST" duration-ms="10660" status="PASS">
          <params>
            <param index="0">
              <value>
                <![CDATA[ramita]]>
              </value>
            </param>
            <param index="1">
              <value>
                <![CDATA[guleria]]>
              </value>
            </param>
            <param index="2">
              <value>
                <![CDATA[ramitaG@yopmial.com]]>
              </value>
            </param>
            <param index="3">
              <value>
                <![CDATA[C:\\Users\\Ramita Sambyal\\Desktop\\FileUploadAUTOIT.exe]]>
              </value>
            </param>
          </params>
          <reporter-output>
          </reporter-output>
        </test-method> <!-- validateAddNewCandiadte -->
        <test-method is-config="true" signature="quit()[pri:0, instance:test_Cases.TestRequirementsPage@4218d6a3]" started-at="2025-01-12T21:55:46 IST" name="quit" finished-at="2025-01-12T21:55:46 IST" duration-ms="235" status="PASS">
          <reporter-output>
          </reporter-output>
        </test-method> <!-- quit -->
        <test-method is-config="true" signature="setup(java.lang.String)[pri:0, instance:test_Cases.TestRequirementsPage@4218d6a3]" started-at="2025-01-12T21:55:46 IST" name="setup" finished-at="2025-01-12T21:55:54 IST" duration-ms="7942" status="PASS">
          <params>
            <param index="0">
              <value>
                <![CDATA[chrome]]>
              </value>
            </param>
          </params>
          <reporter-output>
          </reporter-output>
        </test-method> <!-- setup -->
        <test-method signature="validateAddNewCandiadte(java.lang.String,java.lang.String,java.lang.String,java.lang.String)[pri:1, instance:test_Cases.TestRequirementsPage@4218d6a3]" started-at="2025-01-12T21:55:54 IST" name="validateAddNewCandiadte" description="verify that new candidate is getting added" data-provider="getHRMTestData" finished-at="2025-01-12T21:56:05 IST" duration-ms="10420" status="PASS">
          <params>
            <param index="0">
              <value>
                <![CDATA[lukcy]]>
              </value>
            </param>
            <param index="1">
              <value>
                <![CDATA[kotwal]]>
              </value>
            </param>
            <param index="2">
              <value>
                <![CDATA[luky@yopmail.com]]>
              </value>
            </param>
            <param index="3">
              <value>
                <![CDATA[C:\\Users\\Ramita Sambyal\\Desktop\\FileUploadAUTOITInvalidFormat.exe]]>
              </value>
            </param>
          </params>
          <reporter-output>
          </reporter-output>
        </test-method> <!-- validateAddNewCandiadte -->
        <test-method is-config="true" signature="quit()[pri:0, instance:test_Cases.TestRequirementsPage@4218d6a3]" started-at="2025-01-12T21:56:05 IST" name="quit" finished-at="2025-01-12T21:56:05 IST" duration-ms="236" status="PASS">
          <reporter-output>
          </reporter-output>
        </test-method> <!-- quit -->
        <test-method is-config="true" signature="setup(java.lang.String)[pri:0, instance:test_Cases.TestRequirementsPage@4218d6a3]" started-at="2025-01-12T21:56:05 IST" name="setup" finished-at="2025-01-12T21:56:15 IST" duration-ms="9978" status="PASS">
          <params>
            <param index="0">
              <value>
                <![CDATA[chrome]]>
              </value>
            </param>
          </params>
          <reporter-output>
          </reporter-output>
        </test-method> <!-- setup -->
        <test-method signature="validateAddNewCandiadte(java.lang.String,java.lang.String,java.lang.String,java.lang.String)[pri:1, instance:test_Cases.TestRequirementsPage@4218d6a3]" started-at="2025-01-12T21:56:15 IST" name="validateAddNewCandiadte" description="verify that new candidate is getting added" data-provider="getHRMTestData" finished-at="2025-01-12T21:56:25 IST" duration-ms="10048" status="PASS">
          <params>
            <param index="0">
              <value>
                <![CDATA[anjali]]>
              </value>
            </param>
            <param index="1">
              <value>
                <![CDATA[sambyal]]>
              </value>
            </param>
            <param index="2">
              <value>
                <![CDATA[anjali@yopmail.com]]>
              </value>
            </param>
            <param index="3">
              <value>
                <![CDATA[C:\\Users\\Ramita Sambyal\\Desktop\\FileUploadAUTOITInvalidFormat2.exe]]>
              </value>
            </param>
          </params>
          <reporter-output>
          </reporter-output>
        </test-method> <!-- validateAddNewCandiadte -->
        <test-method is-config="true" signature="quit()[pri:0, instance:test_Cases.TestRequirementsPage@4218d6a3]" started-at="2025-01-12T21:56:25 IST" name="quit" finished-at="2025-01-12T21:56:25 IST" duration-ms="212" status="PASS">
          <reporter-output>
          </reporter-output>
        </test-method> <!-- quit -->
      </class> <!-- test_Cases.TestRequirementsPage -->
    </test> <!-- smokeTest on chrome -->
  </suite> <!-- CrossFunctionalTesting -->
</testng-results>
