<?xml version="1.0" encoding="UTF-8"?>
<testng-results ignored="0" total="1" passed="1" failed="0" skipped="0">
  <reporter-output>
  </reporter-output>
  <suite started-at="2024-11-19T13:52:02 IST" name="Default suite" finished-at="2024-11-19T13:52:38 IST" duration-ms="35934">
    <groups>
    </groups>
    <test started-at="2024-11-19T13:52:02 IST" name="Default test" finished-at="2024-11-19T13:52:38 IST" duration-ms="35934">
      <class name="test_Cases.Profile_Name">
        <test-method is-config="true" signature="Launch_Chrome()[pri:0, instance:test_Cases.Profile_Name@3012646b]" started-at="2024-11-19T13:52:02 IST" name="Launch_Chrome" finished-at="2024-11-19T13:52:16 IST" duration-ms="13727" status="PASS">
          <reporter-output>
          </reporter-output>
        </test-method> <!-- Launch_Chrome -->
        <test-method signature="f()[pri:0, instance:test_Cases.Profile_Name@3012646b]" started-at="2024-11-19T13:52:16 IST" name="f" finished-at="2024-11-19T13:52:38 IST" duration-ms="22165" status="PASS">
          <reporter-output>
          </reporter-output>
        </test-method> <!-- f -->
      </class> <!-- test_Cases.Profile_Name -->
    </test> <!-- Default test -->
  </suite> <!-- Default suite -->
</testng-results>
